  [next] 
  [next] > frontend@0.1.0 dev
  [next] > next dev
  [next] 
  [next]   ▲ Next.js 14.2.35
  [next]   - Local:        http://localhost:3000
  [next]   - Environments: .env.local
  [next] 
  [next]  ✓ Starting...
  [next]  ✓ Ready in 807ms
  [next]  ○ Compiling /src/middleware ...
  [next]  ✓ Compiled /src/middleware in 736ms (204 modules)
  [next]  ○ Compiling / ...
  [next]  ✓ Compiled / in 1785ms (533 modules)
  [next]  GET / 307 in 1970ms
  [next]  ✓ Compiled in 201ms (250 modules)
  [next]  ○ Compiling /login ...
  [next]  ✓ Compiled /login in 4.3s (1387 modules)
  [next]  GET /login 200 in 4409ms
  [next]  GET / 307 in 27ms
  [next]  GET /login 200 in 17ms
  [next]  ✓ Compiled /icon.svg in 420ms (852 modules)
  [next]  ✓ Compiled (881 modules)
  [next]  GET /icon.svg?5bf91561ea2791d9 200 in 572ms
  [next]  GET /api/auth/session 200 in 822ms
  [next]  GET /api/auth/session 200 in 19ms
  [next]  GET /api/auth/session 200 in 7ms
  [next]  GET /api/auth/session 200 in 8ms
  [next]  ✓ Compiled /_not-found in 157ms (1562 modules)
  [next]  GET /.well-known/appspecific/com.chrome.devtools.json 404 in 214ms
  [next]  GET /_next/static/chunks/app/login/LayoutGroupContext.mjs.map 404 in 18ms
  [next]  GET /api/auth/providers 200 in 31ms
  [next]  GET /api/auth/csrf 200 in 7ms
  [next]  POST /api/auth/callback/credentials? 200 in 275ms
  [next]  GET /api/auth/session 200 in 15ms
  [next]  GET /api/auth/session 200 in 22ms
  [next]  ○ Compiling /dashboard/admin ...
  [next]  ✓ Compiled /dashboard/admin in 1716ms (2554 modules)
  [next]  GET /_next/static/chunks/app/dashboard/admin/LayoutGroupContext.mjs.map 404 in 40ms
  [next]  ✓ Compiled /dashboard/admin/rounds in 264ms (2566 modules)
  [next]  GET /_next/static/chunks/app/dashboard/admin/rounds/LayoutGroupContext.mjs.map 404 in 36ms
  [next]  ✓ Compiled /dashboard/admin/feed in 241ms (2580 modules)
  [next]  ✓ Compiled /dashboard/admin/team in 382ms (2596 modules)
  [next]  GET /dashboard/admin/rounds 200 in 103ms
  [next]  GET /icon.svg?5bf91561ea2791d9 200 in 17ms
  [next]  GET /api/auth/session 200 in 31ms
  [next]  GET /api/auth/session 200 in 14ms
  [next]  GET /api/auth/session 200 in 28ms
  [next]  GET /api/auth/session 200 in 12ms
  [next]  GET /api/auth/session 200 in 16ms
  [next]  GET /api/auth/session 200 in 17ms
  [next]  GET /api/auth/session 200 in 20ms
  [next]  GET /api/auth/session 200 in 19ms
  [next]  GET /api/auth/session 200 in 21ms
  [next]  GET /api/auth/session 200 in 25ms
  [next]  GET /api/auth/session 200 in 10ms
  [next]  GET /api/auth/session 200 in 10ms
  [next]  GET /api/auth/session 200 in 23ms
  [next]  GET /api/auth/session 200 in 13ms
  [next]  GET /api/auth/session 200 in 19ms
  [next]  GET /api/auth/session 200 in 21ms
  [next]  GET /api/auth/session 200 in 21ms
  [next]  GET /api/auth/session 200 in 15ms
  [next]  GET /api/auth/session 200 in 19ms
  [next]  GET /api/auth/session 200 in 11ms
  [next]  GET /api/auth/session 200 in 18ms
  [next]  GET /api/auth/session 200 in 19ms
  [next]  GET /api/auth/session 200 in 12ms
  [next]  GET /api/auth/session 200 in 12ms
  [next]  GET /api/auth/session 200 in 21ms
  [next]  GET /api/auth/session 200 in 10ms
  [next]  GET /api/auth/session 200 in 8ms
  [next]  ✓ Compiled /dashboard/admin/rounds/[id] in 446ms (2606 modules)
  [next]  GET /api/auth/session 200 in 21ms
  [next]  GET /api/auth/session 200 in 9ms
  [next]  GET /api/auth/session 200 in 14ms
  [next]  GET /api/auth/session 200 in 15ms
  [next]  GET /api/auth/session 200 in 9ms
  [next]  GET /api/auth/session 200 in 11ms
  [next]  GET /dashboard/admin/feed 200 in 93ms
  [next]  GET /api/auth/session 200 in 28ms
  [next]  GET /api/auth/session 200 in 13ms
  [next]  GET /api/auth/session 200 in 16ms
  [next]  GET /api/auth/session 200 in 10ms
  [next]  GET /api/auth/session 200 in 15ms
  [next]  GET /api/auth/session 200 in 17ms
  [next]  GET /api/auth/session 200 in 24ms
  [next]  GET /api/auth/session 200 in 11ms
  [next]  GET /api/auth/session 200 in 12ms
  [next]  GET /api/auth/session 200